[2015-02-18 17:19:29,507] DEBUG preRegister called. Server=com.sun.jmx.mbeanserver.JmxMBeanServer@595be21d, name=log4j:logger=kafka.controller (kafka.controller)
[2015-02-18 17:19:52,770] DEBUG preRegister called. Server=com.sun.jmx.mbeanserver.JmxMBeanServer@1f5a0bc0, name=log4j:logger=kafka.controller (kafka.controller)
[2015-02-18 17:19:55,324] INFO [Controller 0]: Controller starting up (kafka.controller.KafkaController)
[2015-02-18 17:19:55,355] INFO [Controller 0]: Broker 0 starting become controller state transition (kafka.controller.KafkaController)
[2015-02-18 17:19:55,360] INFO [Controller 0]: Initialized controller epoch to 1 and zk version 0 (kafka.controller.KafkaController)
[2015-02-18 17:19:55,366] INFO [Controller 0]: Controller 0 incremented epoch to 2 (kafka.controller.KafkaController)
[2015-02-18 17:19:55,427] INFO [Controller 0]: Partitions undergoing preferred replica election:  (kafka.controller.KafkaController)
[2015-02-18 17:19:55,428] INFO [Controller 0]: Partitions that completed preferred replica election:  (kafka.controller.KafkaController)
[2015-02-18 17:19:55,428] INFO [Controller 0]: Resuming preferred replica election for partitions:  (kafka.controller.KafkaController)
[2015-02-18 17:19:55,430] INFO [Controller 0]: Partitions being reassigned: Map() (kafka.controller.KafkaController)
[2015-02-18 17:19:55,431] INFO [Controller 0]: Partitions already reassigned: List() (kafka.controller.KafkaController)
[2015-02-18 17:19:55,432] INFO [Controller 0]: Resuming reassignment of partitions: Map() (kafka.controller.KafkaController)
[2015-02-18 17:19:55,435] INFO [Controller 0]: List of topics to be deleted:  (kafka.controller.KafkaController)
[2015-02-18 17:19:55,435] INFO [Controller 0]: List of topics ineligible for deletion: rsl (kafka.controller.KafkaController)
[2015-02-18 17:19:55,437] INFO [Controller 0]: Currently active brokers in the cluster: Set() (kafka.controller.KafkaController)
[2015-02-18 17:19:55,437] INFO [Controller 0]: Currently shutting brokers in the cluster: Set() (kafka.controller.KafkaController)
[2015-02-18 17:19:55,438] INFO [Controller 0]: Current list of topics in the cluster: Set(rsl) (kafka.controller.KafkaController)
[2015-02-18 17:19:55,441] INFO [Replica state machine on controller 0]: Started replica state machine with initial state -> Map([Topic=rsl,Partition=0,Replica=0] -> ReplicaDeletionIneligible) (kafka.controller.ReplicaStateMachine)
[2015-02-18 17:19:55,470] DEBUG [OfflinePartitionLeaderSelector]: No broker in ISR is alive for [rsl,0]. Pick the leader from the alive assigned replicas:  (kafka.controller.OfflinePartitionLeaderSelector)
[2015-02-18 17:19:55,475] INFO [Partition state machine on Controller 0]: Started partition state machine with initial state -> Map([rsl,0] -> OfflinePartition) (kafka.controller.PartitionStateMachine)
[2015-02-18 17:19:55,477] INFO [Controller 0]: Broker 0 is ready to serve as the new controller with epoch 2 (kafka.controller.KafkaController)
[2015-02-18 17:19:55,478] INFO [Controller 0]: Starting preferred replica leader election for partitions  (kafka.controller.KafkaController)
[2015-02-18 17:19:55,479] INFO [Partition state machine on Controller 0]: Invoking state change to OnlinePartition for partitions  (kafka.controller.PartitionStateMachine)
[2015-02-18 17:19:55,490] INFO [Controller 0]: starting the partition rebalance scheduler (kafka.controller.KafkaController)
[2015-02-18 17:19:55,491] INFO [Controller 0]: Controller startup complete (kafka.controller.KafkaController)
[2015-02-18 17:19:55,509] INFO [BrokerChangeListener on Controller 0]: Broker change listener fired for path /brokers/ids with children 0 (kafka.controller.ReplicaStateMachine$BrokerChangeListener)
[2015-02-18 17:19:55,550] INFO [BrokerChangeListener on Controller 0]: Newly added brokers: 0, deleted brokers: , all live brokers: 0 (kafka.controller.ReplicaStateMachine$BrokerChangeListener)
[2015-02-18 17:19:55,551] DEBUG [Channel manager on controller 0]: Controller 0 trying to connect to broker 0 (kafka.controller.ControllerChannelManager)
[2015-02-18 17:19:55,554] INFO [Controller-0-to-broker-0-send-thread], Controller 0 connected to id:0,host:localhost,port:9092 for sending state change requests (kafka.controller.RequestSendThread)
[2015-02-18 17:19:55,555] INFO [Controller-0-to-broker-0-send-thread], Starting  (kafka.controller.RequestSendThread)
[2015-02-18 17:19:55,556] INFO [Controller 0]: New broker startup callback for 0 (kafka.controller.KafkaController)
[2015-02-18 17:19:55,562] INFO [Replica state machine on controller 0]: Invoking state change to OnlineReplica for replicas [Topic=rsl,Partition=0,Replica=0] (kafka.controller.ReplicaStateMachine)
[2015-02-18 17:19:55,590] DEBUG [OfflinePartitionLeaderSelector]: No broker in ISR is alive for [rsl,0]. Pick the leader from the alive assigned replicas: 0 (kafka.controller.OfflinePartitionLeaderSelector)
[2015-02-18 17:19:55,590] WARN [OfflinePartitionLeaderSelector]: No broker in ISR is alive for [rsl,0]. Elect leader 0 from live brokers 0. There's potential data loss. (kafka.controller.OfflinePartitionLeaderSelector)
[2015-02-18 17:19:55,592] INFO [OfflinePartitionLeaderSelector]: Selected new leader and ISR {"leader":0,"leader_epoch":2,"isr":[0]} for offline partition [rsl,0] (kafka.controller.OfflinePartitionLeaderSelector)
[2015-02-18 17:19:55,603] DEBUG [Partition state machine on Controller 0]: After leader election, leader cache is updated to Map([rsl,0] -> (Leader:0,ISR:0,LeaderEpoch:2,ControllerEpoch:2)) (kafka.controller.PartitionStateMachine)
[2015-02-18 17:20:00,491] TRACE [Controller 0]: checking need to trigger partition rebalance (kafka.controller.KafkaController)
[2015-02-18 17:20:00,493] DEBUG [Controller 0]: preferred replicas by broker Map(0 -> Map([rsl,0] -> List(0))) (kafka.controller.KafkaController)
[2015-02-18 17:20:00,495] DEBUG [Controller 0]: topics not in preferred replica Map() (kafka.controller.KafkaController)
[2015-02-18 17:20:00,496] TRACE [Controller 0]: leader imbalance ratio for broker 0 is 0,000000 (kafka.controller.KafkaController)
