[2015-02-18 17:18:40,995] FATAL  (kafka.Kafka$)
java.io.FileNotFoundException: config/server.config (Ingen sådan fil eller filkatalog)
	at java.io.FileInputStream.open(Native Method)
	at java.io.FileInputStream.<init>(FileInputStream.java:146)
	at java.io.FileInputStream.<init>(FileInputStream.java:101)
	at kafka.utils.Utils$.loadProps(Utils.scala:146)
	at kafka.Kafka$.main(Kafka.scala:34)
	at kafka.Kafka.main(Kafka.scala)
[2015-02-18 17:19:05,430] INFO Verifying properties (kafka.utils.VerifiableProperties)
[2015-02-18 17:19:05,464] INFO Property broker.id is overridden to 0 (kafka.utils.VerifiableProperties)
[2015-02-18 17:19:05,464] INFO Property log.cleaner.enable is overridden to false (kafka.utils.VerifiableProperties)
[2015-02-18 17:19:05,464] INFO Property log.dirs is overridden to /tmp/kafka-logs (kafka.utils.VerifiableProperties)
[2015-02-18 17:19:05,464] INFO Property log.retention.check.interval.ms is overridden to 300000 (kafka.utils.VerifiableProperties)
[2015-02-18 17:19:05,464] INFO Property log.retention.hours is overridden to 168 (kafka.utils.VerifiableProperties)
[2015-02-18 17:19:05,465] INFO Property log.segment.bytes is overridden to 1073741824 (kafka.utils.VerifiableProperties)
[2015-02-18 17:19:05,465] INFO Property num.io.threads is overridden to 8 (kafka.utils.VerifiableProperties)
[2015-02-18 17:19:05,465] INFO Property num.network.threads is overridden to 3 (kafka.utils.VerifiableProperties)
[2015-02-18 17:19:05,465] INFO Property num.partitions is overridden to 1 (kafka.utils.VerifiableProperties)
[2015-02-18 17:19:05,465] INFO Property num.recovery.threads.per.data.dir is overridden to 1 (kafka.utils.VerifiableProperties)
[2015-02-18 17:19:05,465] INFO Property port is overridden to 9092 (kafka.utils.VerifiableProperties)
[2015-02-18 17:19:05,465] INFO Property socket.receive.buffer.bytes is overridden to 102400 (kafka.utils.VerifiableProperties)
[2015-02-18 17:19:05,466] INFO Property socket.request.max.bytes is overridden to 104857600 (kafka.utils.VerifiableProperties)
[2015-02-18 17:19:05,466] INFO Property socket.send.buffer.bytes is overridden to 102400 (kafka.utils.VerifiableProperties)
[2015-02-18 17:19:05,466] INFO Property zookeeper.connect is overridden to localhost:2181 (kafka.utils.VerifiableProperties)
[2015-02-18 17:19:05,466] INFO Property zookeeper.connection.timeout.ms is overridden to 6000 (kafka.utils.VerifiableProperties)
[2015-02-18 17:19:05,498] INFO [Kafka Server 0], starting (kafka.server.KafkaServer)
[2015-02-18 17:19:05,500] INFO [Kafka Server 0], Connecting to zookeeper on localhost:2181 (kafka.server.KafkaServer)
[2015-02-18 17:19:07,337] INFO [Kafka Server 0], shutting down (kafka.server.KafkaServer)
[2015-02-18 17:19:07,342] INFO [Kafka Server 0], shut down completed (kafka.server.KafkaServer)
[2015-02-18 17:19:54,950] INFO Verifying properties (kafka.utils.VerifiableProperties)
[2015-02-18 17:19:54,986] INFO Property broker.id is overridden to 0 (kafka.utils.VerifiableProperties)
[2015-02-18 17:19:54,986] INFO Property log.cleaner.enable is overridden to false (kafka.utils.VerifiableProperties)
[2015-02-18 17:19:54,986] INFO Property log.dirs is overridden to /tmp/kafka-logs (kafka.utils.VerifiableProperties)
[2015-02-18 17:19:54,986] INFO Property log.retention.check.interval.ms is overridden to 300000 (kafka.utils.VerifiableProperties)
[2015-02-18 17:19:54,987] INFO Property log.retention.hours is overridden to 168 (kafka.utils.VerifiableProperties)
[2015-02-18 17:19:54,987] INFO Property log.segment.bytes is overridden to 1073741824 (kafka.utils.VerifiableProperties)
[2015-02-18 17:19:54,987] INFO Property num.io.threads is overridden to 8 (kafka.utils.VerifiableProperties)
[2015-02-18 17:19:54,987] INFO Property num.network.threads is overridden to 3 (kafka.utils.VerifiableProperties)
[2015-02-18 17:19:54,987] INFO Property num.partitions is overridden to 1 (kafka.utils.VerifiableProperties)
[2015-02-18 17:19:54,987] INFO Property num.recovery.threads.per.data.dir is overridden to 1 (kafka.utils.VerifiableProperties)
[2015-02-18 17:19:54,988] INFO Property port is overridden to 9092 (kafka.utils.VerifiableProperties)
[2015-02-18 17:19:54,988] INFO Property socket.receive.buffer.bytes is overridden to 102400 (kafka.utils.VerifiableProperties)
[2015-02-18 17:19:54,988] INFO Property socket.request.max.bytes is overridden to 104857600 (kafka.utils.VerifiableProperties)
[2015-02-18 17:19:54,988] INFO Property socket.send.buffer.bytes is overridden to 102400 (kafka.utils.VerifiableProperties)
[2015-02-18 17:19:54,988] INFO Property zookeeper.connect is overridden to localhost:2181 (kafka.utils.VerifiableProperties)
[2015-02-18 17:19:54,988] INFO Property zookeeper.connection.timeout.ms is overridden to 6000 (kafka.utils.VerifiableProperties)
[2015-02-18 17:19:55,018] INFO [Kafka Server 0], starting (kafka.server.KafkaServer)
[2015-02-18 17:19:55,021] INFO [Kafka Server 0], Connecting to zookeeper on localhost:2181 (kafka.server.KafkaServer)
[2015-02-18 17:19:55,209] INFO Loading logs. (kafka.log.LogManager)
[2015-02-18 17:19:55,241] INFO Completed load of log rsl-0 with log end offset 6 (kafka.log.Log)
[2015-02-18 17:19:55,246] INFO Logs loading complete. (kafka.log.LogManager)
[2015-02-18 17:19:55,247] INFO Starting log cleanup with a period of 300000 ms. (kafka.log.LogManager)
[2015-02-18 17:19:55,248] INFO Starting log flusher with a default period of 9223372036854775807 ms. (kafka.log.LogManager)
[2015-02-18 17:19:55,272] INFO Awaiting socket connections on 0.0.0.0:9092. (kafka.network.Acceptor)
[2015-02-18 17:19:55,272] INFO [Socket Server on Broker 0], Started (kafka.network.SocketServer)
[2015-02-18 17:19:55,323] INFO Will not load MX4J, mx4j-tools.jar is not in the classpath (kafka.utils.Mx4jLoader$)
[2015-02-18 17:19:55,354] INFO 0 successfully elected as leader (kafka.server.ZookeeperLeaderElector)
[2015-02-18 17:19:55,501] INFO Registered broker 0 at path /brokers/ids/0 with address localhost:9092. (kafka.utils.ZkUtils$)
[2015-02-18 17:19:55,507] INFO New leader is 0 (kafka.server.ZookeeperLeaderElector$LeaderChangeListener)
[2015-02-18 17:19:55,509] INFO [Kafka Server 0], started (kafka.server.KafkaServer)
[2015-02-18 17:19:55,645] INFO [ReplicaFetcherManager on broker 0] Removed fetcher for partitions  (kafka.server.ReplicaFetcherManager)
[2015-02-18 17:19:55,665] INFO [ReplicaFetcherManager on broker 0] Added fetcher for partitions List() (kafka.server.ReplicaFetcherManager)
[2015-02-18 17:19:55,676] INFO [ReplicaFetcherManager on broker 0] Removed fetcher for partitions [rsl,0] (kafka.server.ReplicaFetcherManager)
[2015-02-18 17:20:36,217] INFO [Kafka Server 0], shutting down (kafka.server.KafkaServer)
[2015-02-18 17:20:36,218] INFO [Kafka Server 0], Starting controlled shutdown (kafka.server.KafkaServer)
